[INFO ] 2024-07-16 12:06:27,839 DriverFactory.initiate_browser() - Browser value is: Chrome
[INFO ] 2024-07-16 12:06:29,667 DriverFactory.initiate_browser() - Chromebrowser opened
[INFO ] 2024-07-16 12:06:30,402 DriverFactory.initiate_browser() - Application URL is : https://rahulshettyacademy.com/client
[INFO ] 2024-07-16 12:06:31,871 hooks.launchBrowser() - PageLoad Time is : 4050 Milli Seconds
[INFO ] 2024-07-16 12:06:32,669 hooks.tearDown() - no such window: target window already closed
from unknown error: web view not found
  (Session info: chrome=126.0.6478.127)
Build info: version: '3.141.59', revision: 'e82be7d358', time: '2018-11-14T08:17:03'
System info: host: 'DESKTOP-6CM26U6', ip: '10.31.20.131', os.name: 'Windows 10', os.arch: 'amd64', os.version: '10.0', java.version: '22.0.1'
Driver info: org.openqa.selenium.chrome.ChromeDriver
Capabilities {acceptInsecureCerts: false, browserName: chrome, browserVersion: 126.0.6478.127, chrome: {chromedriverVersion: 126.0.6478.126 (d36ace6122e..., userDataDir: C:\Users\Monocept\AppData\L...}, fedcm:accounts: true, goog:chromeOptions: {debuggerAddress: localhost:51752}, javascriptEnabled: true, networkConnectionEnabled: false, pageLoadStrategy: normal, platform: WINDOWS, platformName: WINDOWS, proxy: Proxy(), setWindowRect: true, strictFileInteractability: false, timeouts: {implicit: 0, pageLoad: 300000, script: 30000}, unhandledPromptBehavior: dismiss and notify, webauthn:extension:credBlob: true, webauthn:extension:largeBlob: true, webauthn:extension:minPinLength: true, webauthn:extension:prf: true, webauthn:virtualAuthenticators: true}
Session ID: 43b137bb34b6e40f21e554b3b6fa962f
[INFO ] 2024-07-16 12:06:32,691 DriverFactory.initiate_browser() - Browser value is: Chrome
[INFO ] 2024-07-16 12:06:33,323 DriverFactory.initiate_browser() - Chromebrowser opened
[INFO ] 2024-07-16 12:06:33,971 DriverFactory.initiate_browser() - Application URL is : https://rahulshettyacademy.com/client
[INFO ] 2024-07-16 12:06:34,122 hooks.launchBrowser() - PageLoad Time is : 1431 Milli Seconds
[INFO ] 2024-07-16 12:06:34,219 hooks.tearDown() - no such window: target window already closed
from unknown error: web view not found
  (Session info: chrome=126.0.6478.127)
Build info: version: '3.141.59', revision: 'e82be7d358', time: '2018-11-14T08:17:03'
System info: host: 'DESKTOP-6CM26U6', ip: '10.31.20.131', os.name: 'Windows 10', os.arch: 'amd64', os.version: '10.0', java.version: '22.0.1'
Driver info: org.openqa.selenium.chrome.ChromeDriver
Capabilities {acceptInsecureCerts: false, browserName: chrome, browserVersion: 126.0.6478.127, chrome: {chromedriverVersion: 126.0.6478.126 (d36ace6122e..., userDataDir: C:\Users\Monocept\AppData\L...}, fedcm:accounts: true, goog:chromeOptions: {debuggerAddress: localhost:51772}, javascriptEnabled: true, networkConnectionEnabled: false, pageLoadStrategy: normal, platform: WINDOWS, platformName: WINDOWS, proxy: Proxy(), setWindowRect: true, strictFileInteractability: false, timeouts: {implicit: 0, pageLoad: 300000, script: 30000}, unhandledPromptBehavior: dismiss and notify, webauthn:extension:credBlob: true, webauthn:extension:largeBlob: true, webauthn:extension:minPinLength: true, webauthn:extension:prf: true, webauthn:virtualAuthenticators: true}
Session ID: 5c8c5898e374bce5290e8403b3be1bdf
[INFO ] 2024-07-16 12:06:34,234 DriverFactory.initiate_browser() - Browser value is: Chrome
[INFO ] 2024-07-16 12:06:34,901 DriverFactory.initiate_browser() - Chromebrowser opened
[INFO ] 2024-07-16 12:06:35,624 DriverFactory.initiate_browser() - Application URL is : https://rahulshettyacademy.com/client
[INFO ] 2024-07-16 12:06:35,959 hooks.launchBrowser() - PageLoad Time is : 1724 Milli Seconds
[INFO ] 2024-07-16 12:06:35,980 CommonObjects.user_clicked_on_forgot_as() - no such window: target window already closed
from unknown error: web view not found
  (Session info: chrome=126.0.6478.127)
Build info: version: '3.141.59', revision: 'e82be7d358', time: '2018-11-14T08:17:03'
System info: host: 'DESKTOP-6CM26U6', ip: '10.31.20.131', os.name: 'Windows 10', os.arch: 'amd64', os.version: '10.0', java.version: '22.0.1'
Driver info: org.openqa.selenium.chrome.ChromeDriver
Capabilities {acceptInsecureCerts: false, browserName: chrome, browserVersion: 126.0.6478.127, chrome: {chromedriverVersion: 126.0.6478.126 (d36ace6122e..., userDataDir: C:\Users\Monocept\AppData\L...}, fedcm:accounts: true, goog:chromeOptions: {debuggerAddress: localhost:51792}, javascriptEnabled: true, networkConnectionEnabled: false, pageLoadStrategy: normal, platform: WINDOWS, platformName: WINDOWS, proxy: Proxy(), setWindowRect: true, strictFileInteractability: false, timeouts: {implicit: 0, pageLoad: 300000, script: 30000}, unhandledPromptBehavior: dismiss and notify, webauthn:extension:credBlob: true, webauthn:extension:largeBlob: true, webauthn:extension:minPinLength: true, webauthn:extension:prf: true, webauthn:virtualAuthenticators: true}
Session ID: 2afa3730cf9fc6b5100a21857be520b6
*** Element info: {Using=xpath, value=//*[@class='forgot-password-link']}
[INFO ] 2024-07-16 12:06:36,054 CommonObjects.user_enterd() - no such window: target window already closed
from unknown error: web view not found
  (Session info: chrome=126.0.6478.127)
Build info: version: '3.141.59', revision: 'e82be7d358', time: '2018-11-14T08:17:03'
System info: host: 'DESKTOP-6CM26U6', ip: '10.31.20.131', os.name: 'Windows 10', os.arch: 'amd64', os.version: '10.0', java.version: '22.0.1'
Driver info: org.openqa.selenium.chrome.ChromeDriver
Capabilities {acceptInsecureCerts: false, browserName: chrome, browserVersion: 126.0.6478.127, chrome: {chromedriverVersion: 126.0.6478.126 (d36ace6122e..., userDataDir: C:\Users\Monocept\AppData\L...}, fedcm:accounts: true, goog:chromeOptions: {debuggerAddress: localhost:51792}, javascriptEnabled: true, networkConnectionEnabled: false, pageLoadStrategy: normal, platform: WINDOWS, platformName: WINDOWS, proxy: Proxy(), setWindowRect: true, strictFileInteractability: false, timeouts: {implicit: 0, pageLoad: 300000, script: 30000}, unhandledPromptBehavior: dismiss and notify, webauthn:extension:credBlob: true, webauthn:extension:largeBlob: true, webauthn:extension:minPinLength: true, webauthn:extension:prf: true, webauthn:virtualAuthenticators: true}
Session ID: 2afa3730cf9fc6b5100a21857be520b6
*** Element info: {Using=xpath, value=//*[@type='email']}
[INFO ] 2024-07-16 12:06:36,095 CommonObjects.user_entered_pwd_as() - no such window: target window already closed
from unknown error: web view not found
  (Session info: chrome=126.0.6478.127)
Build info: version: '3.141.59', revision: 'e82be7d358', time: '2018-11-14T08:17:03'
System info: host: 'DESKTOP-6CM26U6', ip: '10.31.20.131', os.name: 'Windows 10', os.arch: 'amd64', os.version: '10.0', java.version: '22.0.1'
Driver info: org.openqa.selenium.chrome.ChromeDriver
Capabilities {acceptInsecureCerts: false, browserName: chrome, browserVersion: 126.0.6478.127, chrome: {chromedriverVersion: 126.0.6478.126 (d36ace6122e..., userDataDir: C:\Users\Monocept\AppData\L...}, fedcm:accounts: true, goog:chromeOptions: {debuggerAddress: localhost:51792}, javascriptEnabled: true, networkConnectionEnabled: false, pageLoadStrategy: normal, platform: WINDOWS, platformName: WINDOWS, proxy: Proxy(), setWindowRect: true, strictFileInteractability: false, timeouts: {implicit: 0, pageLoad: 300000, script: 30000}, unhandledPromptBehavior: dismiss and notify, webauthn:extension:credBlob: true, webauthn:extension:largeBlob: true, webauthn:extension:minPinLength: true, webauthn:extension:prf: true, webauthn:virtualAuthenticators: true}
Session ID: 2afa3730cf9fc6b5100a21857be520b6
*** Element info: {Using=xpath, value=//input[@id='userPassword']}
[INFO ] 2024-07-16 12:06:36,125 CommonObjects.user_entered_confpwd_as() - no such window: target window already closed
from unknown error: web view not found
  (Session info: chrome=126.0.6478.127)
Build info: version: '3.141.59', revision: 'e82be7d358', time: '2018-11-14T08:17:03'
System info: host: 'DESKTOP-6CM26U6', ip: '10.31.20.131', os.name: 'Windows 10', os.arch: 'amd64', os.version: '10.0', java.version: '22.0.1'
Driver info: org.openqa.selenium.chrome.ChromeDriver
Capabilities {acceptInsecureCerts: false, browserName: chrome, browserVersion: 126.0.6478.127, chrome: {chromedriverVersion: 126.0.6478.126 (d36ace6122e..., userDataDir: C:\Users\Monocept\AppData\L...}, fedcm:accounts: true, goog:chromeOptions: {debuggerAddress: localhost:51792}, javascriptEnabled: true, networkConnectionEnabled: false, pageLoadStrategy: normal, platform: WINDOWS, platformName: WINDOWS, proxy: Proxy(), setWindowRect: true, strictFileInteractability: false, timeouts: {implicit: 0, pageLoad: 300000, script: 30000}, unhandledPromptBehavior: dismiss and notify, webauthn:extension:credBlob: true, webauthn:extension:largeBlob: true, webauthn:extension:minPinLength: true, webauthn:extension:prf: true, webauthn:virtualAuthenticators: true}
Session ID: 2afa3730cf9fc6b5100a21857be520b6
*** Element info: {Using=xpath, value=//input[@id='confirmPassword']}
[INFO ] 2024-07-16 12:06:36,132 CommonObjects.user_clicked_on_buuton() - no such window: target window already closed
from unknown error: web view not found
  (Session info: chrome=126.0.6478.127)
Build info: version: '3.141.59', revision: 'e82be7d358', time: '2018-11-14T08:17:03'
System info: host: 'DESKTOP-6CM26U6', ip: '10.31.20.131', os.name: 'Windows 10', os.arch: 'amd64', os.version: '10.0', java.version: '22.0.1'
Driver info: org.openqa.selenium.chrome.ChromeDriver
Capabilities {acceptInsecureCerts: false, browserName: chrome, browserVersion: 126.0.6478.127, chrome: {chromedriverVersion: 126.0.6478.126 (d36ace6122e..., userDataDir: C:\Users\Monocept\AppData\L...}, fedcm:accounts: true, goog:chromeOptions: {debuggerAddress: localhost:51792}, javascriptEnabled: true, networkConnectionEnabled: false, pageLoadStrategy: normal, platform: WINDOWS, platformName: WINDOWS, proxy: Proxy(), setWindowRect: true, strictFileInteractability: false, timeouts: {implicit: 0, pageLoad: 300000, script: 30000}, unhandledPromptBehavior: dismiss and notify, webauthn:extension:credBlob: true, webauthn:extension:largeBlob: true, webauthn:extension:minPinLength: true, webauthn:extension:prf: true, webauthn:virtualAuthenticators: true}
Session ID: 2afa3730cf9fc6b5100a21857be520b6
*** Element info: {Using=xpath, value=//*[@type='submit']}
[INFO ] 2024-07-16 12:06:36,181 DriverFactory.close_app() -  Browser Closed 
